<?xml version="1.0" encoding="UTF-8"?>
<!-- Generated by org.testng.reporters.JUnitXMLReporter -->
<testsuite ignored="0" hostname="DESKTOP-R91SOAT" failures="1" tests="5" name="Test" time="83.6" errors="0" timestamp="2023-01-23T23:29:42 IST">
  <testcase classname="Com.Ecommerce.TestCases.TC_LoginDataTestCase" name="LoginData" time="10.873">
    <failure type="java.lang.AssertionError" message="expected [true] but found [false]">
      <![CDATA[java.lang.AssertionError: expected [true] but found [false]
at Com.Ecommerce.TestCases.TC_LoginDataTestCase.LoginData(TC_LoginDataTestCase.java:41)
at java.base/java.util.ArrayList.forEach(ArrayList.java:1511)
... Removed 29 stack frames]]>
    </failure>
  </testcase> <!-- LoginData -->
  <testcase classname="Com.Ecommerce.TestCases.TC_LoginDataTestCase" name="LoginData" time="10.153"/>
  <testcase classname="Com.Ecommerce.TestCases.TC_LoginDataTestCase" name="LoginData" time="10.122"/>
  <testcase classname="Com.Ecommerce.TestCases.TC_LoginDataTestCase" name="LoginData" time="10.159"/>
  <testcase classname="Com.Ecommerce.TestCases.TC_LoginDataTestCase" name="LoginData" time="10.054"/>
</testsuite> <!-- Test -->
