<?xml version="1.0" encoding="UTF-8"?>
<testng-results ignored="0" total="1" passed="1" failed="0" skipped="0">
  <reporter-output>
  </reporter-output>
  <suite started-at="2023-01-25T22:24:33 IST" name="Default suite" finished-at="2023-01-25T22:24:51 IST" duration-ms="17740">
    <groups>
    </groups>
    <test started-at="2023-01-25T22:24:33 IST" name="Default test" finished-at="2023-01-25T22:24:51 IST" duration-ms="17740">
      <class name="Com.NopCommerce.TestCases.TC03_NC_Registration_TestCase">
        <test-method is-config="true" signature="SetUp()[pri:0, instance:Com.NopCommerce.TestCases.TC03_NC_Registration_TestCase@43195e57]" started-at="2023-01-25T22:24:33 IST" name="SetUp" finished-at="2023-01-25T22:24:47 IST" duration-ms="13968" status="PASS">
          <reporter-output>
          </reporter-output>
        </test-method> <!-- SetUp -->
        <test-method signature="Registration()[pri:0, instance:Com.NopCommerce.TestCases.TC03_NC_Registration_TestCase@43195e57]" started-at="2023-01-25T22:24:47 IST" name="Registration" finished-at="2023-01-25T22:24:50 IST" duration-ms="3265" status="PASS">
          <reporter-output>
          </reporter-output>
        </test-method> <!-- Registration -->
        <test-method is-config="true" signature="TearDown()[pri:0, instance:Com.NopCommerce.TestCases.TC03_NC_Registration_TestCase@43195e57]" started-at="2023-01-25T22:24:50 IST" name="TearDown" finished-at="2023-01-25T22:24:51 IST" duration-ms="400" status="PASS">
          <reporter-output>
          </reporter-output>
        </test-method> <!-- TearDown -->
      </class> <!-- Com.NopCommerce.TestCases.TC03_NC_Registration_TestCase -->
    </test> <!-- Default test -->
  </suite> <!-- Default suite -->
</testng-results>
